  [1m[35m (652.9ms)[0m  [1m[35mCREATE DATABASE "polls_app_development" ENCODING = 'unicode'[0m
  ↳ bin/rails:9
  [1m[35m (302.2ms)[0m  [1m[35mCREATE DATABASE "polls_app_test" ENCODING = 'unicode'[0m
  ↳ bin/rails:9
  [1m[35m (122.0ms)[0m  [1m[35mCREATE TABLE "schema_migrations" ("version" character varying NOT NULL PRIMARY KEY)[0m
  ↳ bin/rails:9
  [1m[35m (4.2ms)[0m  [1m[35mCREATE TABLE "ar_internal_metadata" ("key" character varying NOT NULL PRIMARY KEY, "value" character varying, "created_at" timestamp NOT NULL, "updated_at" timestamp NOT NULL)[0m
  ↳ bin/rails:9
  [1m[35m (35.6ms)[0m  [1m[34mSELECT pg_try_advisory_lock(4042686100896465855)[0m
  ↳ bin/rails:9
  [1m[35m (3.3ms)[0m  [1m[34mSELECT "schema_migrations"."version" FROM "schema_migrations" ORDER BY "schema_migrations"."version" ASC[0m
  ↳ bin/rails:9
Migrating to CreateUsers (20190328220959)
  [1m[35m (0.2ms)[0m  [1m[35mBEGIN[0m
  ↳ bin/rails:9
  [1m[35m (34.0ms)[0m  [1m[35mCREATE TABLE "users" ("id" bigserial primary key, "username" character varying NOT NULL, "created_at" timestamp NOT NULL, "updated_at" timestamp NOT NULL)[0m
  ↳ db/migrate/20190328220959_create_users.rb:3
  [1m[35m (1.3ms)[0m  [1m[35mCREATE UNIQUE INDEX  "index_users_on_username" ON "users"  ("username")[0m
  ↳ db/migrate/20190328220959_create_users.rb:8
  [1m[36mActiveRecord::SchemaMigration Create (0.6ms)[0m  [1m[32mINSERT INTO "schema_migrations" ("version") VALUES ($1) RETURNING "version"[0m  [["version", "20190328220959"]]
  ↳ bin/rails:9
  [1m[35m (0.8ms)[0m  [1m[35mCOMMIT[0m
  ↳ bin/rails:9
Migrating to CreatePolls (20190328221017)
  [1m[35m (0.3ms)[0m  [1m[35mBEGIN[0m
  ↳ bin/rails:9
  [1m[35m (4.5ms)[0m  [1m[35mCREATE TABLE "polls" ("id" bigserial primary key, "author_id" integer NOT NULL, "title" character varying NOT NULL, "created_at" timestamp NOT NULL, "updated_at" timestamp NOT NULL)[0m
  ↳ db/migrate/20190328221017_create_polls.rb:3
  [1m[35m (1.3ms)[0m  [1m[35mCREATE UNIQUE INDEX  "index_polls_on_author_id" ON "polls"  ("author_id")[0m
  ↳ db/migrate/20190328221017_create_polls.rb:9
  [1m[35m (1.9ms)[0m  [1m[35mCREATE UNIQUE INDEX  "index_polls_on_title" ON "polls"  ("title")[0m
  ↳ db/migrate/20190328221017_create_polls.rb:10
  [1m[36mActiveRecord::SchemaMigration Create (0.6ms)[0m  [1m[32mINSERT INTO "schema_migrations" ("version") VALUES ($1) RETURNING "version"[0m  [["version", "20190328221017"]]
  ↳ bin/rails:9
  [1m[35m (1.5ms)[0m  [1m[35mCOMMIT[0m
  ↳ bin/rails:9
Migrating to CreateQuestions (20190328221023)
  [1m[35m (0.3ms)[0m  [1m[35mBEGIN[0m
  ↳ bin/rails:9
  [1m[35m (4.4ms)[0m  [1m[35mCREATE TABLE "questions" ("id" bigserial primary key, "poll_id" integer NOT NULL, "question_text" character varying NOT NULL, "created_at" timestamp NOT NULL, "updated_at" timestamp NOT NULL)[0m
  ↳ db/migrate/20190328221023_create_questions.rb:3
  [1m[35m (1.7ms)[0m  [1m[35mCREATE UNIQUE INDEX  "index_questions_on_poll_id" ON "questions"  ("poll_id")[0m
  ↳ db/migrate/20190328221023_create_questions.rb:8
  [1m[35m (1.5ms)[0m  [1m[35mCREATE UNIQUE INDEX  "index_questions_on_question_text" ON "questions"  ("question_text")[0m
  ↳ db/migrate/20190328221023_create_questions.rb:9
  [1m[36mActiveRecord::SchemaMigration Create (0.6ms)[0m  [1m[32mINSERT INTO "schema_migrations" ("version") VALUES ($1) RETURNING "version"[0m  [["version", "20190328221023"]]
  ↳ bin/rails:9
  [1m[35m (0.7ms)[0m  [1m[35mCOMMIT[0m
  ↳ bin/rails:9
Migrating to CreateAnswerChoices (20190328221030)
  [1m[35m (0.4ms)[0m  [1m[35mBEGIN[0m
  ↳ bin/rails:9
  [1m[35m (29.8ms)[0m  [1m[35mCREATE TABLE "answer_choices" ("id" bigserial primary key, "question_id" integer NOT NULL, "answer_text" character varying NOT NULL, "created_at" timestamp NOT NULL, "updated_at" timestamp NOT NULL)[0m
  ↳ db/migrate/20190328221030_create_answer_choices.rb:3
  [1m[35m (1.1ms)[0m  [1m[35mCREATE UNIQUE INDEX  "index_answer_choices_on_answer_text" ON "answer_choices"  ("answer_text")[0m
  ↳ db/migrate/20190328221030_create_answer_choices.rb:8
  [1m[35m (1.3ms)[0m  [1m[35mCREATE UNIQUE INDEX  "index_answer_choices_on_question_id" ON "answer_choices"  ("question_id")[0m
  ↳ db/migrate/20190328221030_create_answer_choices.rb:9
  [1m[36mActiveRecord::SchemaMigration Create (0.9ms)[0m  [1m[32mINSERT INTO "schema_migrations" ("version") VALUES ($1) RETURNING "version"[0m  [["version", "20190328221030"]]
  ↳ bin/rails:9
  [1m[35m (0.7ms)[0m  [1m[35mCOMMIT[0m
  ↳ bin/rails:9
  [1m[36mActiveRecord::InternalMetadata Load (19.3ms)[0m  [1m[34mSELECT  "ar_internal_metadata".* FROM "ar_internal_metadata" WHERE "ar_internal_metadata"."key" = $1 LIMIT $2[0m  [["key", "environment"], ["LIMIT", 1]]
  ↳ bin/rails:9
  [1m[35m (0.2ms)[0m  [1m[35mBEGIN[0m
  ↳ bin/rails:9
  [1m[36mActiveRecord::InternalMetadata Create (0.6ms)[0m  [1m[32mINSERT INTO "ar_internal_metadata" ("key", "value", "created_at", "updated_at") VALUES ($1, $2, $3, $4) RETURNING "key"[0m  [["key", "environment"], ["value", "development"], ["created_at", "2019-03-28 22:24:29.776119"], ["updated_at", "2019-03-28 22:24:29.776119"]]
  ↳ bin/rails:9
  [1m[35m (0.6ms)[0m  [1m[35mCOMMIT[0m
  ↳ bin/rails:9
  [1m[35m (0.3ms)[0m  [1m[34mSELECT pg_advisory_unlock(4042686100896465855)[0m
  ↳ bin/rails:9
  [1m[35m (0.3ms)[0m  [1m[34mSELECT "schema_migrations"."version" FROM "schema_migrations" ORDER BY "schema_migrations"."version" ASC[0m
  ↳ bin/rails:9
  [1m[35m (0.9ms)[0m  [1m[34mSELECT "schema_migrations"."version" FROM "schema_migrations" ORDER BY "schema_migrations"."version" ASC[0m
  ↳ /usr/local/var/rbenv/versions/2.5.0/bin/annotate:23
  [1m[35m (0.3ms)[0m  [1m[34mSELECT pg_try_advisory_lock(4042686100896465855)[0m
  ↳ bin/rails:9
  [1m[35m (6.9ms)[0m  [1m[34mSELECT "schema_migrations"."version" FROM "schema_migrations" ORDER BY "schema_migrations"."version" ASC[0m
  ↳ bin/rails:9
Migrating to CreateResponses (20190328223302)
  [1m[35m (0.3ms)[0m  [1m[35mBEGIN[0m
  ↳ bin/rails:9
  [1m[35m (27.2ms)[0m  [1m[35mCREATE TABLE "responses" ("id" bigserial primary key, "responder_id" integer NOT NULL, "question_id" integer NOT NULL, "answer_id" integer NOT NULL, "created_at" timestamp NOT NULL, "updated_at" timestamp NOT NULL)[0m
  ↳ db/migrate/20190328223302_create_responses.rb:3
  [1m[35m (2.0ms)[0m  [1m[35mCREATE UNIQUE INDEX  "index_responses_on_responder_id" ON "responses"  ("responder_id")[0m
  ↳ db/migrate/20190328223302_create_responses.rb:10
  [1m[35m (2.7ms)[0m  [1m[35mCREATE UNIQUE INDEX  "index_responses_on_question_id" ON "responses"  ("question_id")[0m
  ↳ db/migrate/20190328223302_create_responses.rb:11
  [1m[35m (4.1ms)[0m  [1m[35mCREATE UNIQUE INDEX  "index_responses_on_answer_id" ON "responses"  ("answer_id")[0m
  ↳ db/migrate/20190328223302_create_responses.rb:12
  [1m[36mActiveRecord::SchemaMigration Create (0.6ms)[0m  [1m[32mINSERT INTO "schema_migrations" ("version") VALUES ($1) RETURNING "version"[0m  [["version", "20190328223302"]]
  ↳ bin/rails:9
  [1m[35m (41.7ms)[0m  [1m[35mCOMMIT[0m
  ↳ bin/rails:9
  [1m[36mActiveRecord::InternalMetadata Load (1.0ms)[0m  [1m[34mSELECT  "ar_internal_metadata".* FROM "ar_internal_metadata" WHERE "ar_internal_metadata"."key" = $1 LIMIT $2[0m  [["key", "environment"], ["LIMIT", 1]]
  ↳ bin/rails:9
  [1m[35m (0.2ms)[0m  [1m[35mBEGIN[0m
  ↳ bin/rails:9
  [1m[35m (0.2ms)[0m  [1m[35mCOMMIT[0m
  ↳ bin/rails:9
  [1m[35m (0.3ms)[0m  [1m[34mSELECT pg_advisory_unlock(4042686100896465855)[0m
  ↳ bin/rails:9
  [1m[35m (0.3ms)[0m  [1m[34mSELECT "schema_migrations"."version" FROM "schema_migrations" ORDER BY "schema_migrations"."version" ASC[0m
  ↳ bin/rails:9
  [1m[35m (1.0ms)[0m  [1m[34mSELECT "schema_migrations"."version" FROM "schema_migrations" ORDER BY "schema_migrations"."version" ASC[0m
  ↳ /usr/local/var/rbenv/versions/2.5.0/bin/annotate:23
  [1m[35m (1.0ms)[0m  [1m[34mSELECT "schema_migrations"."version" FROM "schema_migrations" ORDER BY "schema_migrations"."version" ASC[0m
  ↳ bin/rails:9
  [1m[35m (0.5ms)[0m  [1m[34mSELECT "ar_internal_metadata"."value" FROM "ar_internal_metadata" WHERE "ar_internal_metadata"."key" = $1[0m  [["key", "environment"]]
  ↳ bin/rails:9
  [1m[35m (0.3ms)[0m  [1m[34mSELECT "schema_migrations"."version" FROM "schema_migrations" ORDER BY "schema_migrations"."version" ASC[0m
  ↳ bin/rails:9
  [1m[35m (0.2ms)[0m  [1m[34mSELECT "ar_internal_metadata"."value" FROM "ar_internal_metadata" WHERE "ar_internal_metadata"."key" = $1[0m  [["key", "environment"]]
  ↳ bin/rails:9
  [1m[35m (0.3ms)[0m  [1m[34mSELECT "schema_migrations"."version" FROM "schema_migrations" ORDER BY "schema_migrations"."version" ASC[0m
  ↳ bin/rails:9
  [1m[35m (0.2ms)[0m  [1m[34mSELECT "ar_internal_metadata"."value" FROM "ar_internal_metadata" WHERE "ar_internal_metadata"."key" = $1[0m  [["key", "environment"]]
  ↳ bin/rails:9
  [1m[35m (178.3ms)[0m  [1m[35mDROP DATABASE IF EXISTS "polls_app_development"[0m
  ↳ bin/rails:9
  [1m[35m (122.3ms)[0m  [1m[35mDROP DATABASE IF EXISTS "polls_app_test"[0m
  ↳ bin/rails:9
  [1m[35m (472.5ms)[0m  [1m[35mCREATE DATABASE "polls_app_development" ENCODING = 'unicode'[0m
  ↳ bin/rails:9
  [1m[35m (263.8ms)[0m  [1m[35mCREATE DATABASE "polls_app_test" ENCODING = 'unicode'[0m
  ↳ bin/rails:9
  [1m[35m (6.1ms)[0m  [1m[35mCREATE TABLE "schema_migrations" ("version" character varying NOT NULL PRIMARY KEY)[0m
  ↳ bin/rails:9
  [1m[35m (3.9ms)[0m  [1m[35mCREATE TABLE "ar_internal_metadata" ("key" character varying NOT NULL PRIMARY KEY, "value" character varying, "created_at" timestamp NOT NULL, "updated_at" timestamp NOT NULL)[0m
  ↳ bin/rails:9
  [1m[35m (0.3ms)[0m  [1m[34mSELECT pg_try_advisory_lock(4042686100896465855)[0m
  ↳ bin/rails:9
  [1m[35m (0.7ms)[0m  [1m[34mSELECT "schema_migrations"."version" FROM "schema_migrations" ORDER BY "schema_migrations"."version" ASC[0m
  ↳ bin/rails:9
Migrating to CreateUsers (20190328220959)
  [1m[35m (0.3ms)[0m  [1m[35mBEGIN[0m
  ↳ bin/rails:9
  [1m[35m (5.4ms)[0m  [1m[35mCREATE TABLE "users" ("id" bigserial primary key, "username" character varying NOT NULL, "created_at" timestamp NOT NULL, "updated_at" timestamp NOT NULL)[0m
  ↳ db/migrate/20190328220959_create_users.rb:3
  [1m[35m (1.8ms)[0m  [1m[35mCREATE UNIQUE INDEX  "index_users_on_username" ON "users"  ("username")[0m
  ↳ db/migrate/20190328220959_create_users.rb:8
  [1m[36mActiveRecord::SchemaMigration Create (0.6ms)[0m  [1m[32mINSERT INTO "schema_migrations" ("version") VALUES ($1) RETURNING "version"[0m  [["version", "20190328220959"]]
  ↳ bin/rails:9
  [1m[35m (0.6ms)[0m  [1m[35mCOMMIT[0m
  ↳ bin/rails:9
Migrating to CreatePolls (20190328221017)
  [1m[35m (0.3ms)[0m  [1m[35mBEGIN[0m
  ↳ bin/rails:9
  [1m[35m (4.7ms)[0m  [1m[35mCREATE TABLE "polls" ("id" bigserial primary key, "author_id" integer NOT NULL, "title" character varying NOT NULL, "created_at" timestamp NOT NULL, "updated_at" timestamp NOT NULL)[0m
  ↳ db/migrate/20190328221017_create_polls.rb:3
  [1m[35m (1.4ms)[0m  [1m[35mCREATE  INDEX  "index_polls_on_author_id" ON "polls"  ("author_id")[0m
  ↳ db/migrate/20190328221017_create_polls.rb:9
  [1m[36mActiveRecord::SchemaMigration Create (0.8ms)[0m  [1m[32mINSERT INTO "schema_migrations" ("version") VALUES ($1) RETURNING "version"[0m  [["version", "20190328221017"]]
  ↳ bin/rails:9
  [1m[35m (1.3ms)[0m  [1m[35mCOMMIT[0m
  ↳ bin/rails:9
Migrating to CreateQuestions (20190328221023)
  [1m[35m (0.4ms)[0m  [1m[35mBEGIN[0m
  ↳ bin/rails:9
  [1m[35m (6.1ms)[0m  [1m[35mCREATE TABLE "questions" ("id" bigserial primary key, "poll_id" integer NOT NULL, "question_text" character varying NOT NULL, "created_at" timestamp NOT NULL, "updated_at" timestamp NOT NULL)[0m
  ↳ db/migrate/20190328221023_create_questions.rb:3
  [1m[35m (1.1ms)[0m  [1m[35mCREATE  INDEX  "index_questions_on_poll_id" ON "questions"  ("poll_id")[0m
  ↳ db/migrate/20190328221023_create_questions.rb:8
  [1m[36mActiveRecord::SchemaMigration Create (0.4ms)[0m  [1m[32mINSERT INTO "schema_migrations" ("version") VALUES ($1) RETURNING "version"[0m  [["version", "20190328221023"]]
  ↳ bin/rails:9
  [1m[35m (0.5ms)[0m  [1m[35mCOMMIT[0m
  ↳ bin/rails:9
Migrating to CreateAnswerChoices (20190328221030)
  [1m[35m (0.3ms)[0m  [1m[35mBEGIN[0m
  ↳ bin/rails:9
  [1m[35m (4.5ms)[0m  [1m[35mCREATE TABLE "answer_choices" ("id" bigserial primary key, "question_id" integer NOT NULL, "answer_text" character varying NOT NULL, "created_at" timestamp NOT NULL, "updated_at" timestamp NOT NULL)[0m
  ↳ db/migrate/20190328221030_create_answer_choices.rb:3
  [1m[35m (1.3ms)[0m  [1m[35mCREATE  INDEX  "index_answer_choices_on_question_id" ON "answer_choices"  ("question_id")[0m
  ↳ db/migrate/20190328221030_create_answer_choices.rb:8
  [1m[36mActiveRecord::SchemaMigration Create (0.8ms)[0m  [1m[32mINSERT INTO "schema_migrations" ("version") VALUES ($1) RETURNING "version"[0m  [["version", "20190328221030"]]
  ↳ bin/rails:9
  [1m[35m (1.1ms)[0m  [1m[35mCOMMIT[0m
  ↳ bin/rails:9
Migrating to CreateResponses (20190328223302)
  [1m[35m (0.3ms)[0m  [1m[35mBEGIN[0m
  ↳ bin/rails:9
  [1m[35m (3.1ms)[0m  [1m[35mCREATE TABLE "responses" ("id" bigserial primary key, "responder_id" integer NOT NULL, "question_id" integer NOT NULL, "answer_id" integer NOT NULL, "created_at" timestamp NOT NULL, "updated_at" timestamp NOT NULL)[0m
  ↳ db/migrate/20190328223302_create_responses.rb:3
  [1m[35m (1.2ms)[0m  [1m[35mCREATE  INDEX  "index_responses_on_responder_id" ON "responses"  ("responder_id")[0m
  ↳ db/migrate/20190328223302_create_responses.rb:10
  [1m[35m (1.3ms)[0m  [1m[35mCREATE  INDEX  "index_responses_on_question_id" ON "responses"  ("question_id")[0m
  ↳ db/migrate/20190328223302_create_responses.rb:11
  [1m[35m (1.5ms)[0m  [1m[35mCREATE  INDEX  "index_responses_on_answer_id" ON "responses"  ("answer_id")[0m
  ↳ db/migrate/20190328223302_create_responses.rb:12
  [1m[36mActiveRecord::SchemaMigration Create (1.8ms)[0m  [1m[32mINSERT INTO "schema_migrations" ("version") VALUES ($1) RETURNING "version"[0m  [["version", "20190328223302"]]
  ↳ bin/rails:9
  [1m[35m (0.7ms)[0m  [1m[35mCOMMIT[0m
  ↳ bin/rails:9
  [1m[36mActiveRecord::InternalMetadata Load (1.4ms)[0m  [1m[34mSELECT  "ar_internal_metadata".* FROM "ar_internal_metadata" WHERE "ar_internal_metadata"."key" = $1 LIMIT $2[0m  [["key", "environment"], ["LIMIT", 1]]
  ↳ bin/rails:9
  [1m[35m (0.2ms)[0m  [1m[35mBEGIN[0m
  ↳ bin/rails:9
  [1m[36mActiveRecord::InternalMetadata Create (0.6ms)[0m  [1m[32mINSERT INTO "ar_internal_metadata" ("key", "value", "created_at", "updated_at") VALUES ($1, $2, $3, $4) RETURNING "key"[0m  [["key", "environment"], ["value", "development"], ["created_at", "2019-03-28 22:55:42.570771"], ["updated_at", "2019-03-28 22:55:42.570771"]]
  ↳ bin/rails:9
  [1m[35m (0.8ms)[0m  [1m[35mCOMMIT[0m
  ↳ bin/rails:9
  [1m[35m (0.9ms)[0m  [1m[34mSELECT pg_advisory_unlock(4042686100896465855)[0m
  ↳ bin/rails:9
  [1m[35m (0.4ms)[0m  [1m[34mSELECT "schema_migrations"."version" FROM "schema_migrations" ORDER BY "schema_migrations"."version" ASC[0m
  ↳ bin/rails:9
  [1m[35m (0.3ms)[0m  [1m[35mBEGIN[0m
  [1m[36mUser Create (36.7ms)[0m  [1m[32mINSERT INTO "users" ("username", "created_at", "updated_at") VALUES ($1, $2, $3) RETURNING "id"[0m  [["username", "frankieondricka@willmsfahey.biz"], ["created_at", "2019-03-28 23:08:14.273535"], ["updated_at", "2019-03-28 23:08:14.273535"]]
  [1m[35m (22.5ms)[0m  [1m[35mCOMMIT[0m
  [1m[35m (0.8ms)[0m  [1m[35mBEGIN[0m
  [1m[36mUser Load (0.5ms)[0m  [1m[34mSELECT  "users".* FROM "users" WHERE "users"."id" = $1 LIMIT $2[0m  [["id", 1], ["LIMIT", 1]]
  [1m[36mPoll Create (15.4ms)[0m  [1m[32mINSERT INTO "polls" ("author_id", "title", "created_at", "updated_at") VALUES ($1, $2, $3, $4) RETURNING "id"[0m  [["author_id", 1], ["title", "Stella Artois"], ["created_at", "2019-03-28 23:14:03.994090"], ["updated_at", "2019-03-28 23:14:03.994090"]]
  [1m[35m (0.4ms)[0m  [1m[35mCOMMIT[0m
  [1m[35m (0.2ms)[0m  [1m[35mBEGIN[0m
  [1m[36mUser Create (0.6ms)[0m  [1m[32mINSERT INTO "users" ("username", "created_at", "updated_at") VALUES ($1, $2, $3) RETURNING "id"[0m  [["username", "rosymraz@harveyferry.co"], ["created_at", "2019-03-28 23:16:45.620047"], ["updated_at", "2019-03-28 23:16:45.620047"]]
  [1m[35m (0.5ms)[0m  [1m[35mCOMMIT[0m
  [1m[35m (0.2ms)[0m  [1m[35mBEGIN[0m
  [1m[36mUser Create (0.7ms)[0m  [1m[32mINSERT INTO "users" ("username", "created_at", "updated_at") VALUES ($1, $2, $3) RETURNING "id"[0m  [["username", "dremastanton@steuberlueilwitz.co"], ["created_at", "2019-03-28 23:16:45.653240"], ["updated_at", "2019-03-28 23:16:45.653240"]]
  [1m[35m (0.6ms)[0m  [1m[35mCOMMIT[0m
  [1m[35m (0.2ms)[0m  [1m[35mBEGIN[0m
  [1m[36mUser Create (0.4ms)[0m  [1m[32mINSERT INTO "users" ("username", "created_at", "updated_at") VALUES ($1, $2, $3) RETURNING "id"[0m  [["username", "clarence@goyettesimonis.com"], ["created_at", "2019-03-28 23:16:45.657533"], ["updated_at", "2019-03-28 23:16:45.657533"]]
  [1m[35m (0.5ms)[0m  [1m[35mCOMMIT[0m
  [1m[35m (0.2ms)[0m  [1m[35mBEGIN[0m
  [1m[36mUser Create (0.4ms)[0m  [1m[32mINSERT INTO "users" ("username", "created_at", "updated_at") VALUES ($1, $2, $3) RETURNING "id"[0m  [["username", "kyungstroman@okunevaflatley.io"], ["created_at", "2019-03-28 23:16:45.660471"], ["updated_at", "2019-03-28 23:16:45.660471"]]
  [1m[35m (0.8ms)[0m  [1m[35mCOMMIT[0m
  [1m[35m (0.7ms)[0m  [1m[35mBEGIN[0m
  [1m[36mUser Create (0.7ms)[0m  [1m[32mINSERT INTO "users" ("username", "created_at", "updated_at") VALUES ($1, $2, $3) RETURNING "id"[0m  [["username", "leigh@glover.com"], ["created_at", "2019-03-28 23:16:45.671244"], ["updated_at", "2019-03-28 23:16:45.671244"]]
  [1m[35m (0.4ms)[0m  [1m[35mCOMMIT[0m
  [1m[35m (0.2ms)[0m  [1m[35mBEGIN[0m
  [1m[36mUser Create (0.7ms)[0m  [1m[32mINSERT INTO "users" ("username", "created_at", "updated_at") VALUES ($1, $2, $3) RETURNING "id"[0m  [["username", "owen@jast.biz"], ["created_at", "2019-03-28 23:16:45.675959"], ["updated_at", "2019-03-28 23:16:45.675959"]]
  [1m[35m (0.4ms)[0m  [1m[35mCOMMIT[0m
  [1m[35m (0.2ms)[0m  [1m[35mBEGIN[0m
  [1m[36mUser Create (0.5ms)[0m  [1m[32mINSERT INTO "users" ("username", "created_at", "updated_at") VALUES ($1, $2, $3) RETURNING "id"[0m  [["username", "trey@lebsackwilkinson.biz"], ["created_at", "2019-03-28 23:16:45.679689"], ["updated_at", "2019-03-28 23:16:45.679689"]]
  [1m[35m (0.4ms)[0m  [1m[35mCOMMIT[0m
  [1m[35m (0.2ms)[0m  [1m[35mBEGIN[0m
  [1m[36mUser Create (0.5ms)[0m  [1m[32mINSERT INTO "users" ("username", "created_at", "updated_at") VALUES ($1, $2, $3) RETURNING "id"[0m  [["username", "lovella@osinski.biz"], ["created_at", "2019-03-28 23:16:45.683030"], ["updated_at", "2019-03-28 23:16:45.683030"]]
  [1m[35m (0.5ms)[0m  [1m[35mCOMMIT[0m
  [1m[35m (0.2ms)[0m  [1m[35mBEGIN[0m
  [1m[36mUser Create (0.7ms)[0m  [1m[32mINSERT INTO "users" ("username", "created_at", "updated_at") VALUES ($1, $2, $3) RETURNING "id"[0m  [["username", "fridaschamberger@schmitt.name"], ["created_at", "2019-03-28 23:16:45.686649"], ["updated_at", "2019-03-28 23:16:45.686649"]]
  [1m[35m (1.8ms)[0m  [1m[35mCOMMIT[0m
  [1m[35m (0.2ms)[0m  [1m[35mBEGIN[0m
  [1m[36mUser Create (0.7ms)[0m  [1m[32mINSERT INTO "users" ("username", "created_at", "updated_at") VALUES ($1, $2, $3) RETURNING "id"[0m  [["username", "royalzulauf@balistreri.io"], ["created_at", "2019-03-28 23:16:45.692398"], ["updated_at", "2019-03-28 23:16:45.692398"]]
  [1m[35m (0.4ms)[0m  [1m[35mCOMMIT[0m
  [1m[36mUser Load (0.5ms)[0m  [1m[34mSELECT "users".* FROM "users"[0m
  [1m[35m (0.2ms)[0m  [1m[35mBEGIN[0m
  [1m[36mUser Load (0.4ms)[0m  [1m[34mSELECT  "users".* FROM "users" WHERE "users"."id" = $1 LIMIT $2[0m  [["id", 6], ["LIMIT", 1]]
  [1m[36mPoll Create (0.5ms)[0m  [1m[32mINSERT INTO "polls" ("author_id", "title", "created_at", "updated_at") VALUES ($1, $2, $3, $4) RETURNING "id"[0m  [["author_id", 6], ["title", "Tsingtao"], ["created_at", "2019-03-28 23:17:21.413170"], ["updated_at", "2019-03-28 23:17:21.413170"]]
  [1m[35m (0.4ms)[0m  [1m[35mCOMMIT[0m
  [1m[36mUser Load (0.5ms)[0m  [1m[34mSELECT "users".* FROM "users"[0m
  [1m[35m (0.2ms)[0m  [1m[35mBEGIN[0m
  [1m[36mUser Load (0.4ms)[0m  [1m[34mSELECT  "users".* FROM "users" WHERE "users"."id" = $1 LIMIT $2[0m  [["id", 11], ["LIMIT", 1]]
  [1m[36mPoll Create (0.5ms)[0m  [1m[32mINSERT INTO "polls" ("author_id", "title", "created_at", "updated_at") VALUES ($1, $2, $3, $4) RETURNING "id"[0m  [["author_id", 11], ["title", "Samuel Adams"], ["created_at", "2019-03-28 23:17:21.418708"], ["updated_at", "2019-03-28 23:17:21.418708"]]
  [1m[35m (0.5ms)[0m  [1m[35mCOMMIT[0m
  [1m[36mUser Load (0.4ms)[0m  [1m[34mSELECT "users".* FROM "users"[0m
  [1m[35m (0.2ms)[0m  [1m[35mBEGIN[0m
  [1m[36mUser Load (0.4ms)[0m  [1m[34mSELECT  "users".* FROM "users" WHERE "users"."id" = $1 LIMIT $2[0m  [["id", 8], ["LIMIT", 1]]
  [1m[36mPoll Create (0.5ms)[0m  [1m[32mINSERT INTO "polls" ("author_id", "title", "created_at", "updated_at") VALUES ($1, $2, $3, $4) RETURNING "id"[0m  [["author_id", 8], ["title", "Kirin"], ["created_at", "2019-03-28 23:17:21.424965"], ["updated_at", "2019-03-28 23:17:21.424965"]]
  [1m[35m (0.4ms)[0m  [1m[35mCOMMIT[0m
  [1m[36mUser Load (0.5ms)[0m  [1m[34mSELECT "users".* FROM "users"[0m
  [1m[35m (0.1ms)[0m  [1m[35mBEGIN[0m
  [1m[36mUser Load (0.3ms)[0m  [1m[34mSELECT  "users".* FROM "users" WHERE "users"."id" = $1 LIMIT $2[0m  [["id", 10], ["LIMIT", 1]]
  [1m[36mPoll Create (0.5ms)[0m  [1m[32mINSERT INTO "polls" ("author_id", "title", "created_at", "updated_at") VALUES ($1, $2, $3, $4) RETURNING "id"[0m  [["author_id", 10], ["title", "Fosters"], ["created_at", "2019-03-28 23:17:21.431094"], ["updated_at", "2019-03-28 23:17:21.431094"]]
  [1m[35m (1.0ms)[0m  [1m[35mCOMMIT[0m
  [1m[36mUser Load (0.6ms)[0m  [1m[34mSELECT "users".* FROM "users"[0m
  [1m[35m (0.5ms)[0m  [1m[35mBEGIN[0m
  [1m[36mUser Load (0.6ms)[0m  [1m[34mSELECT  "users".* FROM "users" WHERE "users"."id" = $1 LIMIT $2[0m  [["id", 9], ["LIMIT", 1]]
  [1m[36mPoll Create (0.5ms)[0m  [1m[32mINSERT INTO "polls" ("author_id", "title", "created_at", "updated_at") VALUES ($1, $2, $3, $4) RETURNING "id"[0m  [["author_id", 9], ["title", "Miller Draft"], ["created_at", "2019-03-28 23:17:21.441933"], ["updated_at", "2019-03-28 23:17:21.441933"]]
  [1m[35m (0.4ms)[0m  [1m[35mCOMMIT[0m
  [1m[36mUser Load (0.4ms)[0m  [1m[34mSELECT "users".* FROM "users"[0m
  [1m[35m (0.2ms)[0m  [1m[35mBEGIN[0m
  [1m[36mUser Load (0.2ms)[0m  [1m[34mSELECT  "users".* FROM "users" WHERE "users"."id" = $1 LIMIT $2[0m  [["id", 11], ["LIMIT", 1]]
  [1m[36mPoll Create (0.6ms)[0m  [1m[32mINSERT INTO "polls" ("author_id", "title", "created_at", "updated_at") VALUES ($1, $2, $3, $4) RETURNING "id"[0m  [["author_id", 11], ["title", "Dos Equis"], ["created_at", "2019-03-28 23:17:21.446607"], ["updated_at", "2019-03-28 23:17:21.446607"]]
  [1m[35m (0.7ms)[0m  [1m[35mCOMMIT[0m
  [1m[36mUser Load (1.9ms)[0m  [1m[34mSELECT "users".* FROM "users"[0m
  [1m[35m (0.7ms)[0m  [1m[35mBEGIN[0m
  [1m[36mUser Load (0.3ms)[0m  [1m[34mSELECT  "users".* FROM "users" WHERE "users"."id" = $1 LIMIT $2[0m  [["id", 6], ["LIMIT", 1]]
  [1m[36mPoll Create (0.5ms)[0m  [1m[32mINSERT INTO "polls" ("author_id", "title", "created_at", "updated_at") VALUES ($1, $2, $3, $4) RETURNING "id"[0m  [["author_id", 6], ["title", "Rolling Rock"], ["created_at", "2019-03-28 23:17:21.462124"], ["updated_at", "2019-03-28 23:17:21.462124"]]
  [1m[35m (0.4ms)[0m  [1m[35mCOMMIT[0m
  [1m[36mUser Load (0.6ms)[0m  [1m[34mSELECT "users".* FROM "users"[0m
  [1m[35m (0.2ms)[0m  [1m[35mBEGIN[0m
  [1m[36mUser Load (0.2ms)[0m  [1m[34mSELECT  "users".* FROM "users" WHERE "users"."id" = $1 LIMIT $2[0m  [["id", 4], ["LIMIT", 1]]
  [1m[36mPoll Create (0.5ms)[0m  [1m[32mINSERT INTO "polls" ("author_id", "title", "created_at", "updated_at") VALUES ($1, $2, $3, $4) RETURNING "id"[0m  [["author_id", 4], ["title", "Budweiser"], ["created_at", "2019-03-28 23:17:21.467234"], ["updated_at", "2019-03-28 23:17:21.467234"]]
  [1m[35m (0.6ms)[0m  [1m[35mCOMMIT[0m
  [1m[36mUser Load (2.7ms)[0m  [1m[34mSELECT "users".* FROM "users"[0m
  [1m[35m (0.2ms)[0m  [1m[35mBEGIN[0m
  [1m[36mUser Load (0.3ms)[0m  [1m[34mSELECT  "users".* FROM "users" WHERE "users"."id" = $1 LIMIT $2[0m  [["id", 9], ["LIMIT", 1]]
  [1m[36mPoll Create (0.5ms)[0m  [1m[32mINSERT INTO "polls" ("author_id", "title", "created_at", "updated_at") VALUES ($1, $2, $3, $4) RETURNING "id"[0m  [["author_id", 9], ["title", "Leffe"], ["created_at", "2019-03-28 23:17:21.480991"], ["updated_at", "2019-03-28 23:17:21.480991"]]
  [1m[35m (0.4ms)[0m  [1m[35mCOMMIT[0m
  [1m[36mUser Load (0.5ms)[0m  [1m[34mSELECT "users".* FROM "users"[0m
  [1m[35m (0.2ms)[0m  [1m[35mBEGIN[0m
  [1m[36mUser Load (0.3ms)[0m  [1m[34mSELECT  "users".* FROM "users" WHERE "users"."id" = $1 LIMIT $2[0m  [["id", 11], ["LIMIT", 1]]
  [1m[36mPoll Create (0.5ms)[0m  [1m[32mINSERT INTO "polls" ("author_id", "title", "created_at", "updated_at") VALUES ($1, $2, $3, $4) RETURNING "id"[0m  [["author_id", 11], ["title", "Budweiser"], ["created_at", "2019-03-28 23:17:21.486446"], ["updated_at", "2019-03-28 23:17:21.486446"]]
  [1m[35m (0.5ms)[0m  [1m[35mCOMMIT[0m
  [1m[36mUser Load (0.5ms)[0m  [1m[34mSELECT "users".* FROM "users"[0m
  [1m[36mPoll Load (0.7ms)[0m  [1m[34mSELECT "polls".* FROM "polls"[0m
  [1m[36mUser Load (0.4ms)[0m  [1m[34mSELECT  "users".* FROM "users" WHERE "users"."id" = $1 LIMIT $2[0m  [["id", 11], ["LIMIT", 1]]
  [1m[36mUser Load (0.6ms)[0m  [1m[34mSELECT "users".* FROM "users"[0m
  [1m[36mPoll Load (0.5ms)[0m  [1m[34mSELECT "polls".* FROM "polls"[0m
  [1m[35m (0.2ms)[0m  [1m[35mBEGIN[0m
  [1m[36mPoll Load (1.1ms)[0m  [1m[34mSELECT  "polls".* FROM "polls" WHERE "polls"."id" = $1 LIMIT $2[0m  [["id", 10], ["LIMIT", 1]]
  [1m[36mQuestion Create (11.4ms)[0m  [1m[32mINSERT INTO "questions" ("poll_id", "question_text", "created_at", "updated_at") VALUES ($1, $2, $3, $4) RETURNING "id"[0m  [["poll_id", 10], ["question_text", "Sour Ale"], ["created_at", "2019-03-28 23:21:49.638779"], ["updated_at", "2019-03-28 23:21:49.638779"]]
  [1m[35m (0.6ms)[0m  [1m[35mCOMMIT[0m
  [1m[36mPoll Load (1.2ms)[0m  [1m[34mSELECT "polls".* FROM "polls"[0m
  [1m[35m (0.2ms)[0m  [1m[35mBEGIN[0m
  [1m[36mPoll Load (0.4ms)[0m  [1m[34mSELECT  "polls".* FROM "polls" WHERE "polls"."id" = $1 LIMIT $2[0m  [["id", 5], ["LIMIT", 1]]
  [1m[36mQuestion Create (0.5ms)[0m  [1m[32mINSERT INTO "questions" ("poll_id", "question_text", "created_at", "updated_at") VALUES ($1, $2, $3, $4) RETURNING "id"[0m  [["poll_id", 5], ["question_text", "Light Lager"], ["created_at", "2019-03-28 23:21:49.658158"], ["updated_at", "2019-03-28 23:21:49.658158"]]
  [1m[35m (0.4ms)[0m  [1m[35mCOMMIT[0m
  [1m[36mPoll Load (0.4ms)[0m  [1m[34mSELECT "polls".* FROM "polls"[0m
  [1m[35m (0.6ms)[0m  [1m[35mBEGIN[0m
  [1m[36mPoll Load (0.5ms)[0m  [1m[34mSELECT  "polls".* FROM "polls" WHERE "polls"."id" = $1 LIMIT $2[0m  [["id", 8], ["LIMIT", 1]]
  [1m[36mQuestion Create (0.5ms)[0m  [1m[32mINSERT INTO "questions" ("poll_id", "question_text", "created_at", "updated_at") VALUES ($1, $2, $3, $4) RETURNING "id"[0m  [["poll_id", 8], ["question_text", "Bock"], ["created_at", "2019-03-28 23:21:49.666510"], ["updated_at", "2019-03-28 23:21:49.666510"]]
  [1m[35m (0.5ms)[0m  [1m[35mCOMMIT[0m
  [1m[36mPoll Load (0.6ms)[0m  [1m[34mSELECT "polls".* FROM "polls"[0m
  [1m[35m (0.6ms)[0m  [1m[35mBEGIN[0m
  [1m[36mPoll Load (1.5ms)[0m  [1m[34mSELECT  "polls".* FROM "polls" WHERE "polls"."id" = $1 LIMIT $2[0m  [["id", 7], ["LIMIT", 1]]
  [1m[36mQuestion Create (0.5ms)[0m  [1m[32mINSERT INTO "questions" ("poll_id", "question_text", "created_at", "updated_at") VALUES ($1, $2, $3, $4) RETURNING "id"[0m  [["poll_id", 7], ["question_text", "Belgian Strong Ale"], ["created_at", "2019-03-28 23:21:49.676282"], ["updated_at", "2019-03-28 23:21:49.676282"]]
  [1m[35m (1.0ms)[0m  [1m[35mCOMMIT[0m
  [1m[36mPoll Load (2.2ms)[0m  [1m[34mSELECT "polls".* FROM "polls"[0m
  [1m[35m (0.5ms)[0m  [1m[35mBEGIN[0m
  [1m[36mPoll Load (0.5ms)[0m  [1m[34mSELECT  "polls".* FROM "polls" WHERE "polls"."id" = $1 LIMIT $2[0m  [["id", 6], ["LIMIT", 1]]
  [1m[36mQuestion Create (0.5ms)[0m  [1m[32mINSERT INTO "questions" ("poll_id", "question_text", "created_at", "updated_at") VALUES ($1, $2, $3, $4) RETURNING "id"[0m  [["poll_id", 6], ["question_text", "English Pale Ale"], ["created_at", "2019-03-28 23:21:49.694559"], ["updated_at", "2019-03-28 23:21:49.694559"]]
  [1m[35m (0.4ms)[0m  [1m[35mCOMMIT[0m
  [1m[36mPoll Load (0.6ms)[0m  [1m[34mSELECT "polls".* FROM "polls"[0m
  [1m[35m (0.2ms)[0m  [1m[35mBEGIN[0m
  [1m[36mPoll Load (0.4ms)[0m  [1m[34mSELECT  "polls".* FROM "polls" WHERE "polls"."id" = $1 LIMIT $2[0m  [["id", 6], ["LIMIT", 1]]
  [1m[36mQuestion Create (1.8ms)[0m  [1m[32mINSERT INTO "questions" ("poll_id", "question_text", "created_at", "updated_at") VALUES ($1, $2, $3, $4) RETURNING "id"[0m  [["poll_id", 6], ["question_text", "Belgian And French Ale"], ["created_at", "2019-03-28 23:21:49.700060"], ["updated_at", "2019-03-28 23:21:49.700060"]]
  [1m[35m (0.4ms)[0m  [1m[35mCOMMIT[0m
  [1m[36mPoll Load (0.4ms)[0m  [1m[34mSELECT "polls".* FROM "polls"[0m
  [1m[35m (0.1ms)[0m  [1m[35mBEGIN[0m
  [1m[36mPoll Load (0.2ms)[0m  [1m[34mSELECT  "polls".* FROM "polls" WHERE "polls"."id" = $1 LIMIT $2[0m  [["id", 8], ["LIMIT", 1]]
  [1m[36mQuestion Create (0.4ms)[0m  [1m[32mINSERT INTO "questions" ("poll_id", "question_text", "created_at", "updated_at") VALUES ($1, $2, $3, $4) RETURNING "id"[0m  [["poll_id", 8], ["question_text", "Light Hybrid Beer"], ["created_at", "2019-03-28 23:21:49.707075"], ["updated_at", "2019-03-28 23:21:49.707075"]]
  [1m[35m (0.7ms)[0m  [1m[35mCOMMIT[0m
  [1m[36mPoll Load (1.4ms)[0m  [1m[34mSELECT "polls".* FROM "polls"[0m
  [1m[35m (0.5ms)[0m  [1m[35mBEGIN[0m
  [1m[36mPoll Load (0.3ms)[0m  [1m[34mSELECT  "polls".* FROM "polls" WHERE "polls"."id" = $1 LIMIT $2[0m  [["id", 2], ["LIMIT", 1]]
  [1m[36mQuestion Create (0.5ms)[0m  [1m[32mINSERT INTO "questions" ("poll_id", "question_text", "created_at", "updated_at") VALUES ($1, $2, $3, $4) RETURNING "id"[0m  [["poll_id", 2], ["question_text", "Scottish And Irish Ale"], ["created_at", "2019-03-28 23:21:49.718763"], ["updated_at", "2019-03-28 23:21:49.718763"]]
  [1m[35m (0.4ms)[0m  [1m[35mCOMMIT[0m
  [1m[36mPoll Load (0.3ms)[0m  [1m[34mSELECT "polls".* FROM "polls"[0m
  [1m[35m (0.1ms)[0m  [1m[35mBEGIN[0m
  [1m[36mPoll Load (0.2ms)[0m  [1m[34mSELECT  "polls".* FROM "polls" WHERE "polls"."id" = $1 LIMIT $2[0m  [["id", 1], ["LIMIT", 1]]
  [1m[36mQuestion Create (0.4ms)[0m  [1m[32mINSERT INTO "questions" ("poll_id", "question_text", "created_at", "updated_at") VALUES ($1, $2, $3, $4) RETURNING "id"[0m  [["poll_id", 1], ["question_text", "German Wheat And Rye Beer"], ["created_at", "2019-03-28 23:21:49.723370"], ["updated_at", "2019-03-28 23:21:49.723370"]]
  [1m[35m (1.1ms)[0m  [1m[35mCOMMIT[0m
  [1m[36mPoll Load (1.9ms)[0m  [1m[34mSELECT "polls".* FROM "polls"[0m
  [1m[35m (0.2ms)[0m  [1m[35mBEGIN[0m
  [1m[36mPoll Load (0.3ms)[0m  [1m[34mSELECT  "polls".* FROM "polls" WHERE "polls"."id" = $1 LIMIT $2[0m  [["id", 4], ["LIMIT", 1]]
  [1m[36mQuestion Create (1.5ms)[0m  [1m[32mINSERT INTO "questions" ("poll_id", "question_text", "created_at", "updated_at") VALUES ($1, $2, $3, $4) RETURNING "id"[0m  [["poll_id", 4], ["question_text", "Vegetable Beer"], ["created_at", "2019-03-28 23:21:49.734530"], ["updated_at", "2019-03-28 23:21:49.734530"]]
  [1m[35m (0.4ms)[0m  [1m[35mCOMMIT[0m
  [1m[36mQuestion Load (0.5ms)[0m  [1m[34mSELECT "questions".* FROM "questions"[0m
  [1m[36mQuestion Load (0.6ms)[0m  [1m[34mSELECT "questions".* FROM "questions"[0m
  [1m[35m (0.2ms)[0m  [1m[35mBEGIN[0m
  [1m[36mQuestion Load (0.4ms)[0m  [1m[34mSELECT  "questions".* FROM "questions" WHERE "questions"."id" = $1 LIMIT $2[0m  [["id", 1], ["LIMIT", 1]]
  [1m[36mAnswerChoice Create (26.7ms)[0m  [1m[32mINSERT INTO "answer_choices" ("question_id", "answer_text", "created_at", "updated_at") VALUES ($1, $2, $3, $4) RETURNING "id"[0m  [["question_id", 1], ["answer_text", "yes"], ["created_at", "2019-03-28 23:25:18.673522"], ["updated_at", "2019-03-28 23:25:18.673522"]]
  [1m[35m (0.9ms)[0m  [1m[35mCOMMIT[0m
  [1m[35m (0.1ms)[0m  [1m[35mBEGIN[0m
  [1m[36mQuestion Load (0.5ms)[0m  [1m[34mSELECT  "questions".* FROM "questions" WHERE "questions"."id" = $1 LIMIT $2[0m  [["id", 1], ["LIMIT", 1]]
  [1m[36mAnswerChoice Create (0.7ms)[0m  [1m[32mINSERT INTO "answer_choices" ("question_id", "answer_text", "created_at", "updated_at") VALUES ($1, $2, $3, $4) RETURNING "id"[0m  [["question_id", 1], ["answer_text", "no"], ["created_at", "2019-03-28 23:25:18.705784"], ["updated_at", "2019-03-28 23:25:18.705784"]]
  [1m[35m (0.5ms)[0m  [1m[35mCOMMIT[0m
  [1m[35m (0.5ms)[0m  [1m[35mBEGIN[0m
  [1m[36mQuestion Load (0.4ms)[0m  [1m[34mSELECT  "questions".* FROM "questions" WHERE "questions"."id" = $1 LIMIT $2[0m  [["id", 2], ["LIMIT", 1]]
  [1m[36mAnswerChoice Create (0.5ms)[0m  [1m[32mINSERT INTO "answer_choices" ("question_id", "answer_text", "created_at", "updated_at") VALUES ($1, $2, $3, $4) RETURNING "id"[0m  [["question_id", 2], ["answer_text", "yes"], ["created_at", "2019-03-28 23:25:18.712187"], ["updated_at", "2019-03-28 23:25:18.712187"]]
  [1m[35m (1.3ms)[0m  [1m[35mCOMMIT[0m
  [1m[35m (0.6ms)[0m  [1m[35mBEGIN[0m
  [1m[36mQuestion Load (0.5ms)[0m  [1m[34mSELECT  "questions".* FROM "questions" WHERE "questions"."id" = $1 LIMIT $2[0m  [["id", 2], ["LIMIT", 1]]
  [1m[36mAnswerChoice Create (0.5ms)[0m  [1m[32mINSERT INTO "answer_choices" ("question_id", "answer_text", "created_at", "updated_at") VALUES ($1, $2, $3, $4) RETURNING "id"[0m  [["question_id", 2], ["answer_text", "no"], ["created_at", "2019-03-28 23:25:18.724171"], ["updated_at", "2019-03-28 23:25:18.724171"]]
  [1m[35m (0.5ms)[0m  [1m[35mCOMMIT[0m
  [1m[35m (0.1ms)[0m  [1m[35mBEGIN[0m
  [1m[36mQuestion Load (0.3ms)[0m  [1m[34mSELECT  "questions".* FROM "questions" WHERE "questions"."id" = $1 LIMIT $2[0m  [["id", 3], ["LIMIT", 1]]
  [1m[36mAnswerChoice Create (0.4ms)[0m  [1m[32mINSERT INTO "answer_choices" ("question_id", "answer_text", "created_at", "updated_at") VALUES ($1, $2, $3, $4) RETURNING "id"[0m  [["question_id", 3], ["answer_text", "yes"], ["created_at", "2019-03-28 23:25:18.727811"], ["updated_at", "2019-03-28 23:25:18.727811"]]
  [1m[35m (0.6ms)[0m  [1m[35mCOMMIT[0m
  [1m[35m (0.5ms)[0m  [1m[35mBEGIN[0m
  [1m[36mQuestion Load (0.6ms)[0m  [1m[34mSELECT  "questions".* FROM "questions" WHERE "questions"."id" = $1 LIMIT $2[0m  [["id", 3], ["LIMIT", 1]]
  [1m[36mAnswerChoice Create (0.7ms)[0m  [1m[32mINSERT INTO "answer_choices" ("question_id", "answer_text", "created_at", "updated_at") VALUES ($1, $2, $3, $4) RETURNING "id"[0m  [["question_id", 3], ["answer_text", "no"], ["created_at", "2019-03-28 23:25:18.739432"], ["updated_at", "2019-03-28 23:25:18.739432"]]
  [1m[35m (1.1ms)[0m  [1m[35mCOMMIT[0m
  [1m[35m (0.3ms)[0m  [1m[35mBEGIN[0m
  [1m[36mQuestion Load (0.2ms)[0m  [1m[34mSELECT  "questions".* FROM "questions" WHERE "questions"."id" = $1 LIMIT $2[0m  [["id", 4], ["LIMIT", 1]]
  [1m[36mAnswerChoice Create (0.4ms)[0m  [1m[32mINSERT INTO "answer_choices" ("question_id", "answer_text", "created_at", "updated_at") VALUES ($1, $2, $3, $4) RETURNING "id"[0m  [["question_id", 4], ["answer_text", "yes"], ["created_at", "2019-03-28 23:25:18.746166"], ["updated_at", "2019-03-28 23:25:18.746166"]]
  [1m[35m (0.6ms)[0m  [1m[35mCOMMIT[0m
  [1m[35m (0.8ms)[0m  [1m[35mBEGIN[0m
  [1m[36mQuestion Load (0.5ms)[0m  [1m[34mSELECT  "questions".* FROM "questions" WHERE "questions"."id" = $1 LIMIT $2[0m  [["id", 4], ["LIMIT", 1]]
  [1m[36mAnswerChoice Create (0.5ms)[0m  [1m[32mINSERT INTO "answer_choices" ("question_id", "answer_text", "created_at", "updated_at") VALUES ($1, $2, $3, $4) RETURNING "id"[0m  [["question_id", 4], ["answer_text", "no"], ["created_at", "2019-03-28 23:25:18.757021"], ["updated_at", "2019-03-28 23:25:18.757021"]]
  [1m[35m (0.4ms)[0m  [1m[35mCOMMIT[0m
  [1m[35m (0.1ms)[0m  [1m[35mBEGIN[0m
  [1m[36mQuestion Load (0.2ms)[0m  [1m[34mSELECT  "questions".* FROM "questions" WHERE "questions"."id" = $1 LIMIT $2[0m  [["id", 5], ["LIMIT", 1]]
  [1m[36mAnswerChoice Create (0.4ms)[0m  [1m[32mINSERT INTO "answer_choices" ("question_id", "answer_text", "created_at", "updated_at") VALUES ($1, $2, $3, $4) RETURNING "id"[0m  [["question_id", 5], ["answer_text", "yes"], ["created_at", "2019-03-28 23:25:18.760378"], ["updated_at", "2019-03-28 23:25:18.760378"]]
  [1m[35m (0.7ms)[0m  [1m[35mCOMMIT[0m
  [1m[35m (1.0ms)[0m  [1m[35mBEGIN[0m
  [1m[36mQuestion Load (0.3ms)[0m  [1m[34mSELECT  "questions".* FROM "questions" WHERE "questions"."id" = $1 LIMIT $2[0m  [["id", 5], ["LIMIT", 1]]
  [1m[36mAnswerChoice Create (0.5ms)[0m  [1m[32mINSERT INTO "answer_choices" ("question_id", "answer_text", "created_at", "updated_at") VALUES ($1, $2, $3, $4) RETURNING "id"[0m  [["question_id", 5], ["answer_text", "no"], ["created_at", "2019-03-28 23:25:18.770692"], ["updated_at", "2019-03-28 23:25:18.770692"]]
  [1m[35m (0.4ms)[0m  [1m[35mCOMMIT[0m
  [1m[35m (0.2ms)[0m  [1m[35mBEGIN[0m
  [1m[36mQuestion Load (0.3ms)[0m  [1m[34mSELECT  "questions".* FROM "questions" WHERE "questions"."id" = $1 LIMIT $2[0m  [["id", 6], ["LIMIT", 1]]
  [1m[36mAnswerChoice Create (0.6ms)[0m  [1m[32mINSERT INTO "answer_choices" ("question_id", "answer_text", "created_at", "updated_at") VALUES ($1, $2, $3, $4) RETURNING "id"[0m  [["question_id", 6], ["answer_text", "yes"], ["created_at", "2019-03-28 23:25:18.775136"], ["updated_at", "2019-03-28 23:25:18.775136"]]
  [1m[35m (0.4ms)[0m  [1m[35mCOMMIT[0m
  [1m[35m (0.1ms)[0m  [1m[35mBEGIN[0m
  [1m[36mQuestion Load (0.2ms)[0m  [1m[34mSELECT  "questions".* FROM "questions" WHERE "questions"."id" = $1 LIMIT $2[0m  [["id", 6], ["LIMIT", 1]]
  [1m[36mAnswerChoice Create (1.8ms)[0m  [1m[32mINSERT INTO "answer_choices" ("question_id", "answer_text", "created_at", "updated_at") VALUES ($1, $2, $3, $4) RETURNING "id"[0m  [["question_id", 6], ["answer_text", "no"], ["created_at", "2019-03-28 23:25:18.784321"], ["updated_at", "2019-03-28 23:25:18.784321"]]
  [1m[35m (0.7ms)[0m  [1m[35mCOMMIT[0m
  [1m[35m (0.2ms)[0m  [1m[35mBEGIN[0m
  [1m[36mQuestion Load (0.3ms)[0m  [1m[34mSELECT  "questions".* FROM "questions" WHERE "questions"."id" = $1 LIMIT $2[0m  [["id", 7], ["LIMIT", 1]]
  [1m[36mAnswerChoice Create (0.5ms)[0m  [1m[32mINSERT INTO "answer_choices" ("question_id", "answer_text", "created_at", "updated_at") VALUES ($1, $2, $3, $4) RETURNING "id"[0m  [["question_id", 7], ["answer_text", "yes"], ["created_at", "2019-03-28 23:25:18.791574"], ["updated_at", "2019-03-28 23:25:18.791574"]]
  [1m[35m (1.3ms)[0m  [1m[35mCOMMIT[0m
  [1m[35m (0.2ms)[0m  [1m[35mBEGIN[0m
  [1m[36mQuestion Load (0.2ms)[0m  [1m[34mSELECT  "questions".* FROM "questions" WHERE "questions"."id" = $1 LIMIT $2[0m  [["id", 7], ["LIMIT", 1]]
  [1m[36mAnswerChoice Create (0.5ms)[0m  [1m[32mINSERT INTO "answer_choices" ("question_id", "answer_text", "created_at", "updated_at") VALUES ($1, $2, $3, $4) RETURNING "id"[0m  [["question_id", 7], ["answer_text", "no"], ["created_at", "2019-03-28 23:25:18.818642"], ["updated_at", "2019-03-28 23:25:18.818642"]]
  [1m[35m (0.5ms)[0m  [1m[35mCOMMIT[0m
  [1m[35m (0.2ms)[0m  [1m[35mBEGIN[0m
  [1m[36mQuestion Load (0.3ms)[0m  [1m[34mSELECT  "questions".* FROM "questions" WHERE "questions"."id" = $1 LIMIT $2[0m  [["id", 8], ["LIMIT", 1]]
  [1m[36mAnswerChoice Create (0.5ms)[0m  [1m[32mINSERT INTO "answer_choices" ("question_id", "answer_text", "created_at", "updated_at") VALUES ($1, $2, $3, $4) RETURNING "id"[0m  [["question_id", 8], ["answer_text", "yes"], ["created_at", "2019-03-28 23:25:18.824054"], ["updated_at", "2019-03-28 23:25:18.824054"]]
  [1m[35m (0.4ms)[0m  [1m[35mCOMMIT[0m
  [1m[35m (0.6ms)[0m  [1m[35mBEGIN[0m
  [1m[36mQuestion Load (0.3ms)[0m  [1m[34mSELECT  "questions".* FROM "questions" WHERE "questions"."id" = $1 LIMIT $2[0m  [["id", 8], ["LIMIT", 1]]
  [1m[36mAnswerChoice Create (0.5ms)[0m  [1m[32mINSERT INTO "answer_choices" ("question_id", "answer_text", "created_at", "updated_at") VALUES ($1, $2, $3, $4) RETURNING "id"[0m  [["question_id", 8], ["answer_text", "no"], ["created_at", "2019-03-28 23:25:18.829913"], ["updated_at", "2019-03-28 23:25:18.829913"]]
  [1m[35m (0.6ms)[0m  [1m[35mCOMMIT[0m
  [1m[35m (1.4ms)[0m  [1m[35mBEGIN[0m
  [1m[36mQuestion Load (0.6ms)[0m  [1m[34mSELECT  "questions".* FROM "questions" WHERE "questions"."id" = $1 LIMIT $2[0m  [["id", 9], ["LIMIT", 1]]
  [1m[36mAnswerChoice Create (0.5ms)[0m  [1m[32mINSERT INTO "answer_choices" ("question_id", "answer_text", "created_at", "updated_at") VALUES ($1, $2, $3, $4) RETURNING "id"[0m  [["question_id", 9], ["answer_text", "yes"], ["created_at", "2019-03-28 23:25:18.840249"], ["updated_at", "2019-03-28 23:25:18.840249"]]
  [1m[35m (0.4ms)[0m  [1m[35mCOMMIT[0m
  [1m[35m (0.1ms)[0m  [1m[35mBEGIN[0m
  [1m[36mQuestion Load (0.2ms)[0m  [1m[34mSELECT  "questions".* FROM "questions" WHERE "questions"."id" = $1 LIMIT $2[0m  [["id", 9], ["LIMIT", 1]]
  [1m[36mAnswerChoice Create (0.4ms)[0m  [1m[32mINSERT INTO "answer_choices" ("question_id", "answer_text", "created_at", "updated_at") VALUES ($1, $2, $3, $4) RETURNING "id"[0m  [["question_id", 9], ["answer_text", "no"], ["created_at", "2019-03-28 23:25:18.843632"], ["updated_at", "2019-03-28 23:25:18.843632"]]
  [1m[35m (1.2ms)[0m  [1m[35mCOMMIT[0m
  [1m[35m (0.8ms)[0m  [1m[35mBEGIN[0m
  [1m[36mQuestion Load (0.3ms)[0m  [1m[34mSELECT  "questions".* FROM "questions" WHERE "questions"."id" = $1 LIMIT $2[0m  [["id", 10], ["LIMIT", 1]]
  [1m[36mAnswerChoice Create (0.5ms)[0m  [1m[32mINSERT INTO "answer_choices" ("question_id", "answer_text", "created_at", "updated_at") VALUES ($1, $2, $3, $4) RETURNING "id"[0m  [["question_id", 10], ["answer_text", "yes"], ["created_at", "2019-03-28 23:25:18.854805"], ["updated_at", "2019-03-28 23:25:18.854805"]]
  [1m[35m (0.5ms)[0m  [1m[35mCOMMIT[0m
  [1m[35m (0.2ms)[0m  [1m[35mBEGIN[0m
  [1m[36mQuestion Load (0.3ms)[0m  [1m[34mSELECT  "questions".* FROM "questions" WHERE "questions"."id" = $1 LIMIT $2[0m  [["id", 10], ["LIMIT", 1]]
  [1m[36mAnswerChoice Create (0.5ms)[0m  [1m[32mINSERT INTO "answer_choices" ("question_id", "answer_text", "created_at", "updated_at") VALUES ($1, $2, $3, $4) RETURNING "id"[0m  [["question_id", 10], ["answer_text", "no"], ["created_at", "2019-03-28 23:25:18.860577"], ["updated_at", "2019-03-28 23:25:18.860577"]]
  [1m[35m (0.4ms)[0m  [1m[35mCOMMIT[0m
  [1m[36mAnswerChoice Load (0.6ms)[0m  [1m[34mSELECT "answer_choices".* FROM "answer_choices"[0m
  [1m[36mUser Load (0.8ms)[0m  [1m[34mSELECT "users".* FROM "users"[0m
  [1m[36mQuestion Load (0.8ms)[0m  [1m[34mSELECT "questions".* FROM "questions"[0m
  [1m[36mAnswerChoice Load (0.8ms)[0m  [1m[34mSELECT "answer_choices".* FROM "answer_choices"[0m
  [1m[35m (0.2ms)[0m  [1m[35mBEGIN[0m
  [1m[36mUser Load (0.4ms)[0m  [1m[34mSELECT  "users".* FROM "users" WHERE "users"."id" = $1 LIMIT $2[0m  [["id", 6], ["LIMIT", 1]]
  [1m[36mQuestion Load (0.3ms)[0m  [1m[34mSELECT  "questions".* FROM "questions" WHERE "questions"."id" = $1 LIMIT $2[0m  [["id", 8], ["LIMIT", 1]]
  [1m[36mAnswerChoice Load (0.4ms)[0m  [1m[34mSELECT  "answer_choices".* FROM "answer_choices" WHERE "answer_choices"."id" = $1 LIMIT $2[0m  [["id", 4], ["LIMIT", 1]]
  [1m[36mResponse Create (24.3ms)[0m  [1m[32mINSERT INTO "responses" ("responder_id", "question_id", "answer_id", "created_at", "updated_at") VALUES ($1, $2, $3, $4, $5) RETURNING "id"[0m  [["responder_id", 6], ["question_id", 8], ["answer_id", 4], ["created_at", "2019-03-28 23:40:34.368477"], ["updated_at", "2019-03-28 23:40:34.368477"]]
  [1m[35m (41.5ms)[0m  [1m[35mCOMMIT[0m
  [1m[36mUser Load (0.5ms)[0m  [1m[34mSELECT "users".* FROM "users"[0m
  [1m[36mQuestion Load (0.6ms)[0m  [1m[34mSELECT "questions".* FROM "questions"[0m
  [1m[36mAnswerChoice Load (0.4ms)[0m  [1m[34mSELECT "answer_choices".* FROM "answer_choices"[0m
  [1m[35m (0.2ms)[0m  [1m[35mBEGIN[0m
  [1m[36mUser Load (0.4ms)[0m  [1m[34mSELECT  "users".* FROM "users" WHERE "users"."id" = $1 LIMIT $2[0m  [["id", 1], ["LIMIT", 1]]
  [1m[36mQuestion Load (0.3ms)[0m  [1m[34mSELECT  "questions".* FROM "questions" WHERE "questions"."id" = $1 LIMIT $2[0m  [["id", 5], ["LIMIT", 1]]
  [1m[36mAnswerChoice Load (0.3ms)[0m  [1m[34mSELECT  "answer_choices".* FROM "answer_choices" WHERE "answer_choices"."id" = $1 LIMIT $2[0m  [["id", 15], ["LIMIT", 1]]
  [1m[36mResponse Create (0.8ms)[0m  [1m[32mINSERT INTO "responses" ("responder_id", "question_id", "answer_id", "created_at", "updated_at") VALUES ($1, $2, $3, $4, $5) RETURNING "id"[0m  [["responder_id", 1], ["question_id", 5], ["answer_id", 15], ["created_at", "2019-03-28 23:40:34.444616"], ["updated_at", "2019-03-28 23:40:34.444616"]]
  [1m[35m (0.6ms)[0m  [1m[35mCOMMIT[0m
  [1m[36mUser Load (0.7ms)[0m  [1m[34mSELECT "users".* FROM "users"[0m
  [1m[36mQuestion Load (0.4ms)[0m  [1m[34mSELECT "questions".* FROM "questions"[0m
  [1m[36mAnswerChoice Load (0.5ms)[0m  [1m[34mSELECT "answer_choices".* FROM "answer_choices"[0m
  [1m[35m (0.2ms)[0m  [1m[35mBEGIN[0m
  [1m[36mUser Load (0.4ms)[0m  [1m[34mSELECT  "users".* FROM "users" WHERE "users"."id" = $1 LIMIT $2[0m  [["id", 8], ["LIMIT", 1]]
  [1m[36mQuestion Load (0.5ms)[0m  [1m[34mSELECT  "questions".* FROM "questions" WHERE "questions"."id" = $1 LIMIT $2[0m  [["id", 6], ["LIMIT", 1]]
  [1m[36mAnswerChoice Load (0.6ms)[0m  [1m[34mSELECT  "answer_choices".* FROM "answer_choices" WHERE "answer_choices"."id" = $1 LIMIT $2[0m  [["id", 15], ["LIMIT", 1]]
  [1m[36mResponse Create (0.5ms)[0m  [1m[32mINSERT INTO "responses" ("responder_id", "question_id", "answer_id", "created_at", "updated_at") VALUES ($1, $2, $3, $4, $5) RETURNING "id"[0m  [["responder_id", 8], ["question_id", 6], ["answer_id", 15], ["created_at", "2019-03-28 23:40:34.461972"], ["updated_at", "2019-03-28 23:40:34.461972"]]
  [1m[35m (0.4ms)[0m  [1m[35mCOMMIT[0m
  [1m[36mUser Load (0.4ms)[0m  [1m[34mSELECT "users".* FROM "users"[0m
  [1m[36mQuestion Load (0.7ms)[0m  [1m[34mSELECT "questions".* FROM "questions"[0m
  [1m[36mAnswerChoice Load (0.5ms)[0m  [1m[34mSELECT "answer_choices".* FROM "answer_choices"[0m
  [1m[35m (0.2ms)[0m  [1m[35mBEGIN[0m
  [1m[36mUser Load (0.6ms)[0m  [1m[34mSELECT  "users".* FROM "users" WHERE "users"."id" = $1 LIMIT $2[0m  [["id", 7], ["LIMIT", 1]]
  [1m[36mQuestion Load (0.4ms)[0m  [1m[34mSELECT  "questions".* FROM "questions" WHERE "questions"."id" = $1 LIMIT $2[0m  [["id", 2], ["LIMIT", 1]]
  [1m[36mAnswerChoice Load (0.3ms)[0m  [1m[34mSELECT  "answer_choices".* FROM "answer_choices" WHERE "answer_choices"."id" = $1 LIMIT $2[0m  [["id", 14], ["LIMIT", 1]]
  [1m[36mResponse Create (0.6ms)[0m  [1m[32mINSERT INTO "responses" ("responder_id", "question_id", "answer_id", "created_at", "updated_at") VALUES ($1, $2, $3, $4, $5) RETURNING "id"[0m  [["responder_id", 7], ["question_id", 2], ["answer_id", 14], ["created_at", "2019-03-28 23:40:34.482029"], ["updated_at", "2019-03-28 23:40:34.482029"]]
  [1m[35m (0.5ms)[0m  [1m[35mCOMMIT[0m
  [1m[36mUser Load (0.8ms)[0m  [1m[34mSELECT "users".* FROM "users"[0m
  [1m[36mQuestion Load (0.4ms)[0m  [1m[34mSELECT "questions".* FROM "questions"[0m
  [1m[36mAnswerChoice Load (0.5ms)[0m  [1m[34mSELECT "answer_choices".* FROM "answer_choices"[0m
  [1m[35m (0.8ms)[0m  [1m[35mBEGIN[0m
  [1m[36mUser Load (0.4ms)[0m  [1m[34mSELECT  "users".* FROM "users" WHERE "users"."id" = $1 LIMIT $2[0m  [["id", 1], ["LIMIT", 1]]
  [1m[36mQuestion Load (1.3ms)[0m  [1m[34mSELECT  "questions".* FROM "questions" WHERE "questions"."id" = $1 LIMIT $2[0m  [["id", 6], ["LIMIT", 1]]
  [1m[36mAnswerChoice Load (0.3ms)[0m  [1m[34mSELECT  "answer_choices".* FROM "answer_choices" WHERE "answer_choices"."id" = $1 LIMIT $2[0m  [["id", 1], ["LIMIT", 1]]
  [1m[36mResponse Create (0.8ms)[0m  [1m[32mINSERT INTO "responses" ("responder_id", "question_id", "answer_id", "created_at", "updated_at") VALUES ($1, $2, $3, $4, $5) RETURNING "id"[0m  [["responder_id", 1], ["question_id", 6], ["answer_id", 1], ["created_at", "2019-03-28 23:40:34.500076"], ["updated_at", "2019-03-28 23:40:34.500076"]]
  [1m[35m (1.1ms)[0m  [1m[35mCOMMIT[0m
  [1m[36mUser Load (0.8ms)[0m  [1m[34mSELECT "users".* FROM "users"[0m
  [1m[36mQuestion Load (0.4ms)[0m  [1m[34mSELECT "questions".* FROM "questions"[0m
  [1m[36mAnswerChoice Load (1.8ms)[0m  [1m[34mSELECT "answer_choices".* FROM "answer_choices"[0m
  [1m[35m (0.2ms)[0m  [1m[35mBEGIN[0m
  [1m[36mUser Load (0.4ms)[0m  [1m[34mSELECT  "users".* FROM "users" WHERE "users"."id" = $1 LIMIT $2[0m  [["id", 8], ["LIMIT", 1]]
  [1m[36mQuestion Load (0.4ms)[0m  [1m[34mSELECT  "questions".* FROM "questions" WHERE "questions"."id" = $1 LIMIT $2[0m  [["id", 9], ["LIMIT", 1]]
  [1m[36mAnswerChoice Load (0.4ms)[0m  [1m[34mSELECT  "answer_choices".* FROM "answer_choices" WHERE "answer_choices"."id" = $1 LIMIT $2[0m  [["id", 4], ["LIMIT", 1]]
  [1m[36mResponse Create (0.8ms)[0m  [1m[32mINSERT INTO "responses" ("responder_id", "question_id", "answer_id", "created_at", "updated_at") VALUES ($1, $2, $3, $4, $5) RETURNING "id"[0m  [["responder_id", 8], ["question_id", 9], ["answer_id", 4], ["created_at", "2019-03-28 23:40:34.517771"], ["updated_at", "2019-03-28 23:40:34.517771"]]
  [1m[35m (0.4ms)[0m  [1m[35mCOMMIT[0m
  [1m[36mUser Load (0.6ms)[0m  [1m[34mSELECT "users".* FROM "users"[0m
  [1m[36mQuestion Load (0.6ms)[0m  [1m[34mSELECT "questions".* FROM "questions"[0m
  [1m[36mAnswerChoice Load (1.7ms)[0m  [1m[34mSELECT "answer_choices".* FROM "answer_choices"[0m
  [1m[35m (0.2ms)[0m  [1m[35mBEGIN[0m
  [1m[36mUser Load (0.2ms)[0m  [1m[34mSELECT  "users".* FROM "users" WHERE "users"."id" = $1 LIMIT $2[0m  [["id", 11], ["LIMIT", 1]]
  [1m[36mQuestion Load (0.4ms)[0m  [1m[34mSELECT  "questions".* FROM "questions" WHERE "questions"."id" = $1 LIMIT $2[0m  [["id", 10], ["LIMIT", 1]]
  [1m[36mAnswerChoice Load (0.6ms)[0m  [1m[34mSELECT  "answer_choices".* FROM "answer_choices" WHERE "answer_choices"."id" = $1 LIMIT $2[0m  [["id", 18], ["LIMIT", 1]]
  [1m[36mResponse Create (0.5ms)[0m  [1m[32mINSERT INTO "responses" ("responder_id", "question_id", "answer_id", "created_at", "updated_at") VALUES ($1, $2, $3, $4, $5) RETURNING "id"[0m  [["responder_id", 11], ["question_id", 10], ["answer_id", 18], ["created_at", "2019-03-28 23:40:34.537534"], ["updated_at", "2019-03-28 23:40:34.537534"]]
  [1m[35m (0.4ms)[0m  [1m[35mCOMMIT[0m
  [1m[36mUser Load (0.6ms)[0m  [1m[34mSELECT "users".* FROM "users"[0m
  [1m[36mQuestion Load (1.5ms)[0m  [1m[34mSELECT "questions".* FROM "questions"[0m
  [1m[36mAnswerChoice Load (0.5ms)[0m  [1m[34mSELECT "answer_choices".* FROM "answer_choices"[0m
  [1m[35m (0.2ms)[0m  [1m[35mBEGIN[0m
  [1m[36mUser Load (0.3ms)[0m  [1m[34mSELECT  "users".* FROM "users" WHERE "users"."id" = $1 LIMIT $2[0m  [["id", 11], ["LIMIT", 1]]
  [1m[36mQuestion Load (0.4ms)[0m  [1m[34mSELECT  "questions".* FROM "questions" WHERE "questions"."id" = $1 LIMIT $2[0m  [["id", 3], ["LIMIT", 1]]
  [1m[36mAnswerChoice Load (0.4ms)[0m  [1m[34mSELECT  "answer_choices".* FROM "answer_choices" WHERE "answer_choices"."id" = $1 LIMIT $2[0m  [["id", 2], ["LIMIT", 1]]
  [1m[36mResponse Create (0.5ms)[0m  [1m[32mINSERT INTO "responses" ("responder_id", "question_id", "answer_id", "created_at", "updated_at") VALUES ($1, $2, $3, $4, $5) RETURNING "id"[0m  [["responder_id", 11], ["question_id", 3], ["answer_id", 2], ["created_at", "2019-03-28 23:40:34.553695"], ["updated_at", "2019-03-28 23:40:34.553695"]]
  [1m[35m (0.4ms)[0m  [1m[35mCOMMIT[0m
  [1m[36mUser Load (0.5ms)[0m  [1m[34mSELECT "users".* FROM "users"[0m
  [1m[36mQuestion Load (1.8ms)[0m  [1m[34mSELECT "questions".* FROM "questions"[0m
  [1m[36mAnswerChoice Load (0.5ms)[0m  [1m[34mSELECT "answer_choices".* FROM "answer_choices"[0m
  [1m[35m (0.2ms)[0m  [1m[35mBEGIN[0m
  [1m[36mUser Load (0.3ms)[0m  [1m[34mSELECT  "users".* FROM "users" WHERE "users"."id" = $1 LIMIT $2[0m  [["id", 7], ["LIMIT", 1]]
  [1m[36mQuestion Load (0.4ms)[0m  [1m[34mSELECT  "questions".* FROM "questions" WHERE "questions"."id" = $1 LIMIT $2[0m  [["id", 9], ["LIMIT", 1]]
  [1m[36mAnswerChoice Load (0.6ms)[0m  [1m[34mSELECT  "answer_choices".* FROM "answer_choices" WHERE "answer_choices"."id" = $1 LIMIT $2[0m  [["id", 6], ["LIMIT", 1]]
  [1m[36mResponse Create (0.5ms)[0m  [1m[32mINSERT INTO "responses" ("responder_id", "question_id", "answer_id", "created_at", "updated_at") VALUES ($1, $2, $3, $4, $5) RETURNING "id"[0m  [["responder_id", 7], ["question_id", 9], ["answer_id", 6], ["created_at", "2019-03-28 23:40:34.571078"], ["updated_at", "2019-03-28 23:40:34.571078"]]
  [1m[35m (0.4ms)[0m  [1m[35mCOMMIT[0m
  [1m[36mUser Load (0.4ms)[0m  [1m[34mSELECT "users".* FROM "users"[0m
  [1m[36mQuestion Load (0.6ms)[0m  [1m[34mSELECT "questions".* FROM "questions"[0m
  [1m[36mAnswerChoice Load (0.5ms)[0m  [1m[34mSELECT "answer_choices".* FROM "answer_choices"[0m
  [1m[35m (0.1ms)[0m  [1m[35mBEGIN[0m
  [1m[36mUser Load (0.3ms)[0m  [1m[34mSELECT  "users".* FROM "users" WHERE "users"."id" = $1 LIMIT $2[0m  [["id", 6], ["LIMIT", 1]]
  [1m[36mQuestion Load (0.5ms)[0m  [1m[34mSELECT  "questions".* FROM "questions" WHERE "questions"."id" = $1 LIMIT $2[0m  [["id", 2], ["LIMIT", 1]]
  [1m[36mAnswerChoice Load (0.8ms)[0m  [1m[34mSELECT  "answer_choices".* FROM "answer_choices" WHERE "answer_choices"."id" = $1 LIMIT $2[0m  [["id", 19], ["LIMIT", 1]]
  [1m[36mResponse Create (0.6ms)[0m  [1m[32mINSERT INTO "responses" ("responder_id", "question_id", "answer_id", "created_at", "updated_at") VALUES ($1, $2, $3, $4, $5) RETURNING "id"[0m  [["responder_id", 6], ["question_id", 2], ["answer_id", 19], ["created_at", "2019-03-28 23:40:34.589687"], ["updated_at", "2019-03-28 23:40:34.589687"]]
  [1m[35m (0.4ms)[0m  [1m[35mCOMMIT[0m
  [1m[36mUser Load (0.8ms)[0m  [1m[34mSELECT "users".* FROM "users"[0m
  [1m[36mQuestion Load (0.5ms)[0m  [1m[34mSELECT "questions".* FROM "questions"[0m
  [1m[36mAnswerChoice Load (0.3ms)[0m  [1m[34mSELECT "answer_choices".* FROM "answer_choices"[0m
  [1m[35m (0.3ms)[0m  [1m[35mBEGIN[0m
  [1m[36mUser Load (0.6ms)[0m  [1m[34mSELECT  "users".* FROM "users" WHERE "users"."id" = $1 LIMIT $2[0m  [["id", 6], ["LIMIT", 1]]
  [1m[36mQuestion Load (0.3ms)[0m  [1m[34mSELECT  "questions".* FROM "questions" WHERE "questions"."id" = $1 LIMIT $2[0m  [["id", 6], ["LIMIT", 1]]
  [1m[36mAnswerChoice Load (0.3ms)[0m  [1m[34mSELECT  "answer_choices".* FROM "answer_choices" WHERE "answer_choices"."id" = $1 LIMIT $2[0m  [["id", 2], ["LIMIT", 1]]
  [1m[36mResponse Create (0.5ms)[0m  [1m[32mINSERT INTO "responses" ("responder_id", "question_id", "answer_id", "created_at", "updated_at") VALUES ($1, $2, $3, $4, $5) RETURNING "id"[0m  [["responder_id", 6], ["question_id", 6], ["answer_id", 2], ["created_at", "2019-03-28 23:40:34.606489"], ["updated_at", "2019-03-28 23:40:34.606489"]]
  [1m[35m (0.4ms)[0m  [1m[35mCOMMIT[0m
  [1m[36mUser Load (0.3ms)[0m  [1m[34mSELECT "users".* FROM "users"[0m
  [1m[36mQuestion Load (0.4ms)[0m  [1m[34mSELECT "questions".* FROM "questions"[0m
  [1m[36mAnswerChoice Load (0.6ms)[0m  [1m[34mSELECT "answer_choices".* FROM "answer_choices"[0m
  [1m[35m (0.6ms)[0m  [1m[35mBEGIN[0m
  [1m[36mUser Load (0.3ms)[0m  [1m[34mSELECT  "users".* FROM "users" WHERE "users"."id" = $1 LIMIT $2[0m  [["id", 10], ["LIMIT", 1]]
  [1m[36mQuestion Load (0.4ms)[0m  [1m[34mSELECT  "questions".* FROM "questions" WHERE "questions"."id" = $1 LIMIT $2[0m  [["id", 6], ["LIMIT", 1]]
  [1m[36mAnswerChoice Load (1.3ms)[0m  [1m[34mSELECT  "answer_choices".* FROM "answer_choices" WHERE "answer_choices"."id" = $1 LIMIT $2[0m  [["id", 8], ["LIMIT", 1]]
  [1m[36mResponse Create (0.5ms)[0m  [1m[32mINSERT INTO "responses" ("responder_id", "question_id", "answer_id", "created_at", "updated_at") VALUES ($1, $2, $3, $4, $5) RETURNING "id"[0m  [["responder_id", 10], ["question_id", 6], ["answer_id", 8], ["created_at", "2019-03-28 23:40:34.628330"], ["updated_at", "2019-03-28 23:40:34.628330"]]
  [1m[35m (0.4ms)[0m  [1m[35mCOMMIT[0m
  [1m[36mUser Load (0.4ms)[0m  [1m[34mSELECT "users".* FROM "users"[0m
  [1m[36mQuestion Load (0.3ms)[0m  [1m[34mSELECT "questions".* FROM "questions"[0m
  [1m[36mAnswerChoice Load (0.6ms)[0m  [1m[34mSELECT "answer_choices".* FROM "answer_choices"[0m
  [1m[35m (0.5ms)[0m  [1m[35mBEGIN[0m
  [1m[36mUser Load (0.3ms)[0m  [1m[34mSELECT  "users".* FROM "users" WHERE "users"."id" = $1 LIMIT $2[0m  [["id", 8], ["LIMIT", 1]]
  [1m[36mQuestion Load (0.3ms)[0m  [1m[34mSELECT  "questions".* FROM "questions" WHERE "questions"."id" = $1 LIMIT $2[0m  [["id", 8], ["LIMIT", 1]]
  [1m[36mAnswerChoice Load (0.4ms)[0m  [1m[34mSELECT  "answer_choices".* FROM "answer_choices" WHERE "answer_choices"."id" = $1 LIMIT $2[0m  [["id", 16], ["LIMIT", 1]]
  [1m[36mResponse Create (0.5ms)[0m  [1m[32mINSERT INTO "responses" ("responder_id", "question_id", "answer_id", "created_at", "updated_at") VALUES ($1, $2, $3, $4, $5) RETURNING "id"[0m  [["responder_id", 8], ["question_id", 8], ["answer_id", 16], ["created_at", "2019-03-28 23:40:34.645614"], ["updated_at", "2019-03-28 23:40:34.645614"]]
  [1m[35m (0.4ms)[0m  [1m[35mCOMMIT[0m
  [1m[36mUser Load (0.4ms)[0m  [1m[34mSELECT "users".* FROM "users"[0m
  [1m[36mQuestion Load (0.6ms)[0m  [1m[34mSELECT "questions".* FROM "questions"[0m
  [1m[36mAnswerChoice Load (1.0ms)[0m  [1m[34mSELECT "answer_choices".* FROM "answer_choices"[0m
  [1m[35m (0.2ms)[0m  [1m[35mBEGIN[0m
  [1m[36mUser Load (0.3ms)[0m  [1m[34mSELECT  "users".* FROM "users" WHERE "users"."id" = $1 LIMIT $2[0m  [["id", 9], ["LIMIT", 1]]
  [1m[36mQuestion Load (0.4ms)[0m  [1m[34mSELECT  "questions".* FROM "questions" WHERE "questions"."id" = $1 LIMIT $2[0m  [["id", 7], ["LIMIT", 1]]
  [1m[36mAnswerChoice Load (0.3ms)[0m  [1m[34mSELECT  "answer_choices".* FROM "answer_choices" WHERE "answer_choices"."id" = $1 LIMIT $2[0m  [["id", 1], ["LIMIT", 1]]
  [1m[36mResponse Create (0.4ms)[0m  [1m[32mINSERT INTO "responses" ("responder_id", "question_id", "answer_id", "created_at", "updated_at") VALUES ($1, $2, $3, $4, $5) RETURNING "id"[0m  [["responder_id", 9], ["question_id", 7], ["answer_id", 1], ["created_at", "2019-03-28 23:40:34.662622"], ["updated_at", "2019-03-28 23:40:34.662622"]]
  [1m[35m (0.4ms)[0m  [1m[35mCOMMIT[0m
  [1m[36mUser Load (0.4ms)[0m  [1m[34mSELECT "users".* FROM "users"[0m
  [1m[36mQuestion Load (0.4ms)[0m  [1m[34mSELECT "questions".* FROM "questions"[0m
  [1m[36mAnswerChoice Load (0.8ms)[0m  [1m[34mSELECT "answer_choices".* FROM "answer_choices"[0m
  [1m[35m (0.3ms)[0m  [1m[35mBEGIN[0m
  [1m[36mUser Load (0.4ms)[0m  [1m[34mSELECT  "users".* FROM "users" WHERE "users"."id" = $1 LIMIT $2[0m  [["id", 5], ["LIMIT", 1]]
  [1m[36mQuestion Load (0.4ms)[0m  [1m[34mSELECT  "questions".* FROM "questions" WHERE "questions"."id" = $1 LIMIT $2[0m  [["id", 1], ["LIMIT", 1]]
  [1m[36mAnswerChoice Load (0.2ms)[0m  [1m[34mSELECT  "answer_choices".* FROM "answer_choices" WHERE "answer_choices"."id" = $1 LIMIT $2[0m  [["id", 20], ["LIMIT", 1]]
  [1m[36mResponse Create (0.5ms)[0m  [1m[32mINSERT INTO "responses" ("responder_id", "question_id", "answer_id", "created_at", "updated_at") VALUES ($1, $2, $3, $4, $5) RETURNING "id"[0m  [["responder_id", 5], ["question_id", 1], ["answer_id", 20], ["created_at", "2019-03-28 23:40:34.680694"], ["updated_at", "2019-03-28 23:40:34.680694"]]
  [1m[35m (0.4ms)[0m  [1m[35mCOMMIT[0m
  [1m[36mUser Load (0.5ms)[0m  [1m[34mSELECT "users".* FROM "users"[0m
  [1m[36mQuestion Load (0.4ms)[0m  [1m[34mSELECT "questions".* FROM "questions"[0m
  [1m[36mAnswerChoice Load (0.6ms)[0m  [1m[34mSELECT "answer_choices".* FROM "answer_choices"[0m
  [1m[35m (0.2ms)[0m  [1m[35mBEGIN[0m
  [1m[36mUser Load (0.3ms)[0m  [1m[34mSELECT  "users".* FROM "users" WHERE "users"."id" = $1 LIMIT $2[0m  [["id", 8], ["LIMIT", 1]]
  [1m[36mQuestion Load (0.3ms)[0m  [1m[34mSELECT  "questions".* FROM "questions" WHERE "questions"."id" = $1 LIMIT $2[0m  [["id", 10], ["LIMIT", 1]]
  [1m[36mAnswerChoice Load (0.2ms)[0m  [1m[34mSELECT  "answer_choices".* FROM "answer_choices" WHERE "answer_choices"."id" = $1 LIMIT $2[0m  [["id", 12], ["LIMIT", 1]]
  [1m[36mResponse Create (0.5ms)[0m  [1m[32mINSERT INTO "responses" ("responder_id", "question_id", "answer_id", "created_at", "updated_at") VALUES ($1, $2, $3, $4, $5) RETURNING "id"[0m  [["responder_id", 8], ["question_id", 10], ["answer_id", 12], ["created_at", "2019-03-28 23:40:34.696359"], ["updated_at", "2019-03-28 23:40:34.696359"]]
  [1m[35m (0.4ms)[0m  [1m[35mCOMMIT[0m
  [1m[36mUser Load (0.4ms)[0m  [1m[34mSELECT "users".* FROM "users"[0m
  [1m[36mQuestion Load (0.6ms)[0m  [1m[34mSELECT "questions".* FROM "questions"[0m
  [1m[36mAnswerChoice Load (0.7ms)[0m  [1m[34mSELECT "answer_choices".* FROM "answer_choices"[0m
  [1m[35m (0.2ms)[0m  [1m[35mBEGIN[0m
  [1m[36mUser Load (0.4ms)[0m  [1m[34mSELECT  "users".* FROM "users" WHERE "users"."id" = $1 LIMIT $2[0m  [["id", 11], ["LIMIT", 1]]
  [1m[36mQuestion Load (0.5ms)[0m  [1m[34mSELECT  "questions".* FROM "questions" WHERE "questions"."id" = $1 LIMIT $2[0m  [["id", 8], ["LIMIT", 1]]
  [1m[36mAnswerChoice Load (0.3ms)[0m  [1m[34mSELECT  "answer_choices".* FROM "answer_choices" WHERE "answer_choices"."id" = $1 LIMIT $2[0m  [["id", 5], ["LIMIT", 1]]
  [1m[36mResponse Create (0.5ms)[0m  [1m[32mINSERT INTO "responses" ("responder_id", "question_id", "answer_id", "created_at", "updated_at") VALUES ($1, $2, $3, $4, $5) RETURNING "id"[0m  [["responder_id", 11], ["question_id", 8], ["answer_id", 5], ["created_at", "2019-03-28 23:40:34.729582"], ["updated_at", "2019-03-28 23:40:34.729582"]]
  [1m[35m (0.5ms)[0m  [1m[35mCOMMIT[0m
  [1m[36mUser Load (0.5ms)[0m  [1m[34mSELECT "users".* FROM "users"[0m
  [1m[36mQuestion Load (0.4ms)[0m  [1m[34mSELECT "questions".* FROM "questions"[0m
  [1m[36mAnswerChoice Load (0.6ms)[0m  [1m[34mSELECT "answer_choices".* FROM "answer_choices"[0m
  [1m[35m (0.2ms)[0m  [1m[35mBEGIN[0m
  [1m[36mUser Load (0.4ms)[0m  [1m[34mSELECT  "users".* FROM "users" WHERE "users"."id" = $1 LIMIT $2[0m  [["id", 3], ["LIMIT", 1]]
  [1m[36mQuestion Load (0.3ms)[0m  [1m[34mSELECT  "questions".* FROM "questions" WHERE "questions"."id" = $1 LIMIT $2[0m  [["id", 2], ["LIMIT", 1]]
  [1m[36mAnswerChoice Load (0.3ms)[0m  [1m[34mSELECT  "answer_choices".* FROM "answer_choices" WHERE "answer_choices"."id" = $1 LIMIT $2[0m  [["id", 18], ["LIMIT", 1]]
  [1m[36mResponse Create (0.5ms)[0m  [1m[32mINSERT INTO "responses" ("responder_id", "question_id", "answer_id", "created_at", "updated_at") VALUES ($1, $2, $3, $4, $5) RETURNING "id"[0m  [["responder_id", 3], ["question_id", 2], ["answer_id", 18], ["created_at", "2019-03-28 23:40:34.743564"], ["updated_at", "2019-03-28 23:40:34.743564"]]
  [1m[35m (0.4ms)[0m  [1m[35mCOMMIT[0m
  [1m[36mUser Load (0.4ms)[0m  [1m[34mSELECT "users".* FROM "users"[0m
  [1m[36mQuestion Load (0.4ms)[0m  [1m[34mSELECT "questions".* FROM "questions"[0m
  [1m[36mAnswerChoice Load (1.9ms)[0m  [1m[34mSELECT "answer_choices".* FROM "answer_choices"[0m
  [1m[35m (0.2ms)[0m  [1m[35mBEGIN[0m
  [1m[36mUser Load (0.3ms)[0m  [1m[34mSELECT  "users".* FROM "users" WHERE "users"."id" = $1 LIMIT $2[0m  [["id", 5], ["LIMIT", 1]]
  [1m[36mQuestion Load (0.3ms)[0m  [1m[34mSELECT  "questions".* FROM "questions" WHERE "questions"."id" = $1 LIMIT $2[0m  [["id", 8], ["LIMIT", 1]]
  [1m[36mAnswerChoice Load (0.7ms)[0m  [1m[34mSELECT  "answer_choices".* FROM "answer_choices" WHERE "answer_choices"."id" = $1 LIMIT $2[0m  [["id", 4], ["LIMIT", 1]]
  [1m[36mResponse Create (0.5ms)[0m  [1m[32mINSERT INTO "responses" ("responder_id", "question_id", "answer_id", "created_at", "updated_at") VALUES ($1, $2, $3, $4, $5) RETURNING "id"[0m  [["responder_id", 5], ["question_id", 8], ["answer_id", 4], ["created_at", "2019-03-28 23:40:34.761315"], ["updated_at", "2019-03-28 23:40:34.761315"]]
  [1m[35m (0.4ms)[0m  [1m[35mCOMMIT[0m
  [1m[36mUser Load (0.3ms)[0m  [1m[34mSELECT "users".* FROM "users"[0m
  [1m[36mQuestion Load (0.3ms)[0m  [1m[34mSELECT "questions".* FROM "questions"[0m
  [1m[36mAnswerChoice Load (0.3ms)[0m  [1m[34mSELECT "answer_choices".* FROM "answer_choices"[0m
  [1m[35m (0.1ms)[0m  [1m[35mBEGIN[0m
  [1m[36mUser Load (0.3ms)[0m  [1m[34mSELECT  "users".* FROM "users" WHERE "users"."id" = $1 LIMIT $2[0m  [["id", 3], ["LIMIT", 1]]
  [1m[36mQuestion Load (0.4ms)[0m  [1m[34mSELECT  "questions".* FROM "questions" WHERE "questions"."id" = $1 LIMIT $2[0m  [["id", 3], ["LIMIT", 1]]
  [1m[36mAnswerChoice Load (0.3ms)[0m  [1m[34mSELECT  "answer_choices".* FROM "answer_choices" WHERE "answer_choices"."id" = $1 LIMIT $2[0m  [["id", 14], ["LIMIT", 1]]
  [1m[36mResponse Create (0.7ms)[0m  [1m[32mINSERT INTO "responses" ("responder_id", "question_id", "answer_id", "created_at", "updated_at") VALUES ($1, $2, $3, $4, $5) RETURNING "id"[0m  [["responder_id", 3], ["question_id", 3], ["answer_id", 14], ["created_at", "2019-03-28 23:40:34.773919"], ["updated_at", "2019-03-28 23:40:34.773919"]]
  [1m[35m (1.1ms)[0m  [1m[35mCOMMIT[0m
  [1m[36mQuestion Load (0.4ms)[0m  [1m[34mSELECT  "questions".* FROM "questions" ORDER BY "questions"."id" ASC LIMIT $1[0m  [["LIMIT", 1]]
  [1m[36mUser Load (0.4ms)[0m  [1m[34mSELECT  "users".* FROM "users" ORDER BY "users"."id" ASC LIMIT $1[0m  [["LIMIT", 1]]
  [1m[36mPoll Load (0.5ms)[0m  [1m[34mSELECT "polls".* FROM "polls" WHERE "polls"."author_id" = $1[0m  [["author_id", 1]]
  [1m[36mResponse Load (0.4ms)[0m  [1m[34mSELECT "responses".* FROM "responses" WHERE "responses"."responder_id" = $1[0m  [["responder_id", 1]]
  [1m[36mPoll Load (0.5ms)[0m  [1m[34mSELECT  "polls".* FROM "polls" ORDER BY "polls"."id" ASC LIMIT $1[0m  [["LIMIT", 1]]
  [1m[36mUser Load (0.4ms)[0m  [1m[34mSELECT  "users".* FROM "users" WHERE "users"."id" = $1 LIMIT $2[0m  [["id", 1], ["LIMIT", 1]]
  [1m[36mQuestion Load (2.4ms)[0m  [1m[34mSELECT  "questions".* FROM "questions" ORDER BY "questions"."id" ASC LIMIT $1[0m  [["LIMIT", 1]]
  [1m[36mResponse Load (1.1ms)[0m  [1m[34mSELECT "responses".* FROM "responses" WHERE "responses"."question_id" = $1[0m  [["question_id", 1]]
  [1m[35m (57.1ms)[0m  [1m[34mSELECT "answer_id" FROM "answer_choices" WHERE "answer_choices"."question_id" = $1[0m  [["question_id", 1]]
  [1m[36mAnswerChoice Load (0.5ms)[0m  [1m[34mSELECT "answer_choices".* FROM "answer_choices" WHERE "answer_choices"."question_id" = $1[0m  [["question_id", 1]]
